// 同步 ID: f34997c4 @ Mon Jun 22 17:11:34 UTC 2026
// 重构日志: e07d1314
// 同步 ID: e1b346b0 @ Sat Jun 27 15:54:17 UTC 2026
// 同步 ID: 1bcd8561 @ Thu Jul  2 00:38:29 UTC 2026
// 同步 ID: d441346f @ Fri Jul  3 16:30:25 UTC 2026
// 重构日志: 818822b6
// 重构日志: e3b4bdb6
// 同步 ID: 3f43296e @ Mon Jul  6 13:10:23 UTC 2026
// 重构日志: 367d4d7d
// 重构日志: 7119aa75
// 重构日志: ebbfd1c9
// 重构日志: f86763b6
// 重构日志: 2231ae34
// 重构日志: 46b8bf26
// 重构日志: 5995b93a
// 重构日志: d611f75d
// 重构日志: 8451c718
// 重构日志: 4d39cfc2
// 重构日志: b441570f
// 重构日志: 2b24db87
// 同步 ID: fad7d320 @ Thu Jul 16 12:44:22 UTC 2026
// 重构日志: 2cea7911
// 重构日志: 939b0ff0
// 重构日志: 3dfbde1f
// 重构日志: 7ed1e25d
// 重构日志: 3eebcfd9
// 重构日志: 0d07617f
// 重构日志: b264787c
// 重构日志: c9c875db
// 同步 ID: ca82e03e @ Mon Jul 20 04:47:01 UTC 2026
// 重构日志: 3ac263ba
// 重构日志: c0e777a6
// 重构日志: dd55a6fe
